<?xml version="1.0" encoding="UTF-8"?>
<testsuite xmlns:xsi="http://www.w3.org/2001/XMLSchema-instance" xsi:noNamespaceSchemaLocation="https://maven.apache.org/surefire/maven-surefire-plugin/xsd/surefire-test-report.xsd" name="com.example.AppTest" time="0.03" tests="1" errors="0" skipped="0" failures="0">
  <properties>
    <property name="java.specification.version" value="21"/>
    <property name="sun.cpu.isalist" value="amd64"/>
    <property name="sun.jnu.encoding" value="Cp1252"/>
    <property name="java.class.path" value="C:\Users\PC PRIDE WHITE WOLF\Documents\Distribuidos\WebServer\demo\target\test-classes;C:\Users\PC PRIDE WHITE WOLF\Documents\Distribuidos\WebServer\demo\target\classes;C:\Users\PC PRIDE WHITE WOLF\.m2\repository\junit\junit\4.11\junit-4.11.jar;C:\Users\PC PRIDE WHITE WOLF\.m2\repository\org\hamcrest\hamcrest-core\1.3\hamcrest-core-1.3.jar;"/>
    <property name="java.vm.vendor" value="Oracle Corporation"/>
    <property name="sun.arch.data.model" value="64"/>
    <property name="user.variant" value=""/>
    <property name="java.vendor.url" value="https://java.oracle.com/"/>
    <property name="user.timezone" value="America/Mexico_City"/>
    <property name="os.name" value="Windows 11"/>
    <property name="java.vm.specification.version" value="21"/>
    <property name="sun.java.launcher" value="SUN_STANDARD"/>
    <property name="user.country" value="MX"/>
    <property name="sun.boot.library.path" value="C:\Program Files\Java\jdk-21\bin"/>
    <property name="sun.java.command" value="C:\Users\PCPRID~1\AppData\Local\Temp\surefire14941894315345336348\surefirebooter15280507868964835947.jar C:\Users\PC PRIDE WHITE WOLF\AppData\Local\Temp\surefire14941894315345336348 2025-10-07T20-08-15_335-jvmRun1 surefire4043313034018844928tmp surefire_016675999002594562010tmp"/>
    <property name="jdk.debug" value="release"/>
    <property name="surefire.test.class.path" value="C:\Users\PC PRIDE WHITE WOLF\Documents\Distribuidos\WebServer\demo\target\test-classes;C:\Users\PC PRIDE WHITE WOLF\Documents\Distribuidos\WebServer\demo\target\classes;C:\Users\PC PRIDE WHITE WOLF\.m2\repository\junit\junit\4.11\junit-4.11.jar;C:\Users\PC PRIDE WHITE WOLF\.m2\repository\org\hamcrest\hamcrest-core\1.3\hamcrest-core-1.3.jar;"/>
    <property name="sun.cpu.endian" value="little"/>
    <property name="user.home" value="C:\Users\PC PRIDE WHITE WOLF"/>
    <property name="user.language" value="es"/>
    <property name="java.specification.vendor" value="Oracle Corporation"/>
    <property name="java.version.date" value="2024-04-16"/>
    <property name="java.home" value="C:\Program Files\Java\jdk-21"/>
    <property name="file.separator" value="\"/>
    <property name="basedir" value="C:\Users\PC PRIDE WHITE WOLF\Documents\Distribuidos\WebServer\demo"/>
    <property name="java.vm.compressedOopsMode" value="Zero based"/>
    <property name="line.separator" value="&#10;"/>
    <property name="java.vm.specification.vendor" value="Oracle Corporation"/>
    <property name="java.specification.name" value="Java Platform API Specification"/>
    <property name="surefire.real.class.path" value="C:\Users\PCPRID~1\AppData\Local\Temp\surefire14941894315345336348\surefirebooter15280507868964835947.jar"/>
    <property name="user.script" value=""/>
    <property name="sun.management.compiler" value="HotSpot 64-Bit Tiered Compilers"/>
    <property name="java.runtime.version" value="21.0.3+7-LTS-152"/>
    <property name="user.name" value="Mikles64"/>
    <property name="stdout.encoding" value="Cp1252"/>
    <property name="path.separator" value=";"/>
    <property name="os.version" value="10.0"/>
    <property name="java.runtime.name" value="Java(TM) SE Runtime Environment"/>
    <property name="file.encoding" value="UTF-8"/>
    <property name="java.vm.name" value="Java HotSpot(TM) 64-Bit Server VM"/>
    <property name="localRepository" value="C:\Users\PC PRIDE WHITE WOLF\.m2\repository"/>
    <property name="java.vendor.url.bug" value="https://bugreport.java.com/bugreport/"/>
    <property name="java.io.tmpdir" value="C:\Users\PCPRID~1\AppData\Local\Temp\"/>
    <property name="java.version" value="21.0.3"/>
    <property name="user.dir" value="C:\Users\PC PRIDE WHITE WOLF\Documents\Distribuidos\WebServer\demo"/>
    <property name="os.arch" value="amd64"/>
    <property name="java.vm.specification.name" value="Java Virtual Machine Specification"/>
    <property name="sun.os.patch.level" value=""/>
    <property name="native.encoding" value="Cp1252"/>
    <property name="java.library.path" value="C:\Program Files\Java\jdk-21\bin;C:\Windows\Sun\Java\bin;C:\Windows\system32;C:\Windows;C:\Users\PC PRIDE WHITE WOLF\Documents\Flutter\flutter\bin\cache\dart-sdk\bin\;c:\devkitPro\msys2\usr\bin;C:\Python312\Scripts\;C:\Python312\;C:\Program Files\Common Files\Oracle\Java\javapath;C:\Program Files (x86)\Common Files\Oracle\Java\java8path;C:\Program Files (x86)\Common Files\Oracle\Java\javapath;C:\Windows\system32;C:\Windows;C:\Windows\System32\Wbem;C:\Windows\System32\WindowsPowerShell\v1.0\;C:\Windows\System32\OpenSSH\;C:\Program Files\dotnet\;C:\Program Files (x86)\NVIDIA Corporation\PhysX\Common;C:\Program Files (x86)\gnupg\bin;C:\Program Files\nodejs\;C:\ProgramData\chocolatey\bin;C:\Program Files\Git\cmd;C:\Program Files\NVIDIA Corporation\NVIDIA App\NvDLISR;C:\ProgramData\chocolatey\lib\maven\apache-maven-3.9.11\bin;C:\Users\PC PRIDE WHITE WOLF\AppData\Local\Microsoft\WindowsApps;C:\Users\PC PRIDE WHITE WOLF\AppData\Local\Muse Hub\lib;C:\Users\PC PRIDE WHITE WOLF\AppData\Local\Programs\Microsoft VS Code\bin;C:\Users\PC PRIDE WHITE WOLF\AppData\Local\Programs\MiKTeX\miktex\bin\x64\;C:\Users\PC PRIDE WHITE WOLF\AppData\Local\GitHubDesktop\bin;C:\Users\PC PRIDE WHITE WOLF\AppData\Roaming\npm;C:\Users\PC PRIDE WHITE WOLF\Documents\Flutter\flutter\bin;C:\Program Files\JetBrains\IntelliJ IDEA 2025.2.3\bin;c:\Users\PC PRIDE WHITE WOLF\AppData\Roaming\Code\User\globalStorage\github.copilot-chat\debugCommand;."/>
    <property name="java.vm.info" value="mixed mode, sharing"/>
    <property name="stderr.encoding" value="Cp1252"/>
    <property name="java.vendor" value="Oracle Corporation"/>
    <property name="java.vm.version" value="21.0.3+7-LTS-152"/>
    <property name="sun.io.unicode.encoding" value="UnicodeLittle"/>
    <property name="java.class.version" value="65.0"/>
  </properties>
  <testcase name="shouldAnswerWithTrue" classname="com.example.AppTest" time="0.003"/>
</testsuite>